<?xml version="1.0" encoding="UTF-8"?>
<!-- Generated by org.testng.reporters.JUnitReportReporter -->
<testsuite hostname="bandam-WX-1" failures="0" tests="1" name="Testprgm" time="0.041" errors="0" timestamp="22 Feb 2021 06:12:23 GMT">
  <testcase classname="Testprgm" name="hellotest" time="0.041"/>
</testsuite> <!-- Testprgm -->
